[01m[K/home/tama/catkin_ws/src/vis_lecture/src/rollerWalker_joint_state_publisher.cpp:[m[K In function ‚Äò[01m[Kint main(int, char**)[m[K‚Äô:
[01m[K/home/tama/catkin_ws/src/vis_lecture/src/rollerWalker_joint_state_publisher.cpp:22:5:[m[K [01;31m[Kerror: [m[K‚Äò[01m[KBaseRollerWalker[m[K‚Äô was not declared in this scope; did you mean ‚Äò[01m[Kis_rollerWalk[m[K‚Äô?
   22 |     [01;31m[KBaseRollerWalker[m[K base_rollerWalker(d_0, theta_0, omega, phi, phi_fr, center_z , is_rollerWalk);
      |     [01;31m[K^~~~~~~~~~~~~~~~[m[K
      |     [32m[Kis_rollerWalk[m[K
[01m[K/home/tama/catkin_ws/src/vis_lecture/src/rollerWalker_joint_state_publisher.cpp:62:23:[m[K [01;31m[Kerror: [m[K‚Äò[01m[Kbase_rollerWalker[m[K‚Äô was not declared in this scope; did you mean ‚Äò[01m[Kis_rollerWalk[m[K‚Äô?
   62 |         double d_lf  =[01;31m[Kbase_rollerWalker[m[K.d_front(t,d_0,omega);   //Â∑¶ÂâçËÑö„ÅÆÈï∑„Åï
      |                       [01;31m[K^~~~~~~~~~~~~~~~~[m[K
      |                       [32m[Kis_rollerWalk[m[K
make[2]: *** [CMakeFiles/rollerWalker_joint_state_publisher.dir/build.make:63: CMakeFiles/rollerWalker_joint_state_publisher.dir/src/rollerWalker_joint_state_publisher.cpp.o] „Ç®„É©„Éº 1
make[1]: *** [CMakeFiles/Makefile2:1570: CMakeFiles/rollerWalker_joint_state_publisher.dir/all] „Ç®„É©„Éº 2
make: *** [Makefile:141: all] „Ç®„É©„Éº 2
