[01m[K/home/tama/catkin_ws/src/vis_lecture/src/rollerWalker_joint_state_publisher.cpp:[m[K In function ‚Äò[01m[Kint main(int, char**)[m[K‚Äô:
[01m[K/home/tama/catkin_ws/src/vis_lecture/src/rollerWalker_joint_state_publisher.cpp:61:49:[m[K [01;31m[Kerror: [m[K‚Äò[01m[Kt[m[K‚Äô was not declared in this scope; did you mean ‚Äò[01m[Ktm[m[K‚Äô?
   61 |         double d_lf  =base_rollerWalker.d_front([01;31m[Kt[m[K,d_0,omega);   //Â∑¶ÂâçËÑö„ÅÆÈï∑„Åï
      |                                                 [01;31m[K^[m[K
      |                                                 [32m[Ktm[m[K
[01m[K/home/tama/catkin_ws/src/vis_lecture/src/rollerWalker_joint_state_publisher.cpp:69:55:[m[K [01;31m[Kerror: [m[Kno matching function for call to ‚Äò[01m[KBaseRollerWalker::calTheta2()[m[K‚Äô
   69 |         js0.position[0] = base_rollerWalker.calTheta2([01;31m[K)[m[K    //Á¨¨‰∏ÄÈñ¢ÁØÄ
      |                                                       [01;31m[K^[m[K
In file included from [01m[K/home/tama/catkin_ws/src/vis_lecture/src/rollerWalker_joint_state_publisher.cpp:3[m[K:
[01m[K/home/tama/catkin_ws/src/vis_lecture/include/vis_lecture/BaseRollerWalker.h:54:12:[m[K [01;36m[Knote: [m[Kcandidate: ‚Äò[01m[Kdouble BaseRollerWalker::calTheta2(double)[m[K‚Äô
   54 |     double [01;36m[KcalTheta2[m[K(double target_d);
      |            [01;36m[K^~~~~~~~~[m[K
[01m[K/home/tama/catkin_ws/src/vis_lecture/include/vis_lecture/BaseRollerWalker.h:54:12:[m[K [01;36m[Knote: [m[K  candidate expects 1 argument, 0 provided
make[2]: *** [CMakeFiles/rollerWalker_joint_state_publisher.dir/build.make:63: CMakeFiles/rollerWalker_joint_state_publisher.dir/src/rollerWalker_joint_state_publisher.cpp.o] „Ç®„É©„Éº 1
make[1]: *** [CMakeFiles/Makefile2:1570: CMakeFiles/rollerWalker_joint_state_publisher.dir/all] „Ç®„É©„Éº 2
make: *** [Makefile:141: all] „Ç®„É©„Éº 2
