[01m[K/home/tama/catkin_ws/src/vis_lecture/src/rollerWalker_joint_state_publisher.cpp:3:10:[m[K [01;31m[Kfatal error: [m[KBaseRollerWalker.h: ãã®ã‚ˆã†ãªãƒ•ã‚¡ã‚¤ãƒ«ã‚„ãƒ‡ã‚£ãƒ¬ã‚¯ãƒˆãƒªã¯ã‚ã‚Šã¾ã›ã‚“
    3 | #include [01;31m[K<BaseRollerWalker.h>[m[K
      |          [01;31m[K^~~~~~~~~~~~~~~~~~~~[m[K
compilation terminated.
make[2]: *** [CMakeFiles/rollerWalker_joint_state_publisher.dir/build.make:63: CMakeFiles/rollerWalker_joint_state_publisher.dir/src/rollerWalker_joint_state_publisher.cpp.o] ã‚¨ãƒ©ãƒ¼ 1
make[1]: *** [CMakeFiles/Makefile2:1570: CMakeFiles/rollerWalker_joint_state_publisher.dir/all] ã‚¨ãƒ©ãƒ¼ 2
make: *** [Makefile:141: all] ã‚¨ãƒ©ãƒ¼ 2
